Started: 2026-03-27T18:05:08.036851
Alpha: 1.5

============================================================
Extracting control vectors
============================================================
Extracting: anxiety (3 pairs)
  pair done in 7.9s, norm=125.91
  pair done in 6.7s, norm=75.75
  pair done in 7.9s, norm=78.35
  anxiety vector computed, shape=(5120,)
Extracting: self_loathing (3 pairs)
  pair done in 8.1s, norm=92.80
  pair done in 7.6s, norm=58.90
  pair done in 6.6s, norm=80.48
  self_loathing vector computed, shape=(5120,)
Extracting: intellectual_intensity (2 pairs)
  pair done in 7.0s, norm=60.66
  pair done in 8.4s, norm=84.90
  intellectual_intensity vector computed, shape=(5120,)
Extracting: defensiveness (2 pairs)
  pair done in 7.6s, norm=74.84
  pair done in 6.4s, norm=76.53
  defensiveness vector computed, shape=(5120,)
